<?xml version="1.0" encoding="UTF-8"?>
<testsuites name="jest tests" tests="14" failures="0" errors="0" time="2.959">
  <testsuite name="API — Items" errors="0" failures="0" skipped="0" timestamp="2026-04-28T14:32:46" time="2.019" tests="14">
    <testcase classname="API — Items GET /api/items returns paginated item list" name="API — Items GET /api/items returns paginated item list" time="0.048">
    </testcase>
    <testcase classname="API — Items GET /api/items supports pagination parameters" name="API — Items GET /api/items supports pagination parameters" time="0.01">
    </testcase>
    <testcase classname="API — Items GET /api/items/search returns items matching the given category" name="API — Items GET /api/items/search returns items matching the given category" time="0.01">
    </testcase>
    <testcase classname="API — Items GET /api/items/search is case-insensitive for category matching" name="API — Items GET /api/items/search is case-insensitive for category matching" time="0.005">
    </testcase>
    <testcase classname="API — Items GET /api/items/search returns empty array for a category with no matches" name="API — Items GET /api/items/search returns empty array for a category with no matches" time="0.013">
    </testcase>
    <testcase classname="API — Items GET /api/items/search returns 400 when category param is missing" name="API — Items GET /api/items/search returns 400 when category param is missing" time="0.013">
    </testcase>
    <testcase classname="API — Items GET /api/items/search returns 400 when category param is blank" name="API — Items GET /api/items/search returns 400 when category param is blank" time="0.025">
    </testcase>
    <testcase classname="API — Items GET /api/items/:id returns a specific item by ID" name="API — Items GET /api/items/:id returns a specific item by ID" time="0.009">
    </testcase>
    <testcase classname="API — Items GET /api/items/:id returns 404 for non-existent item" name="API — Items GET /api/items/:id returns 404 for non-existent item" time="0.014">
    </testcase>
    <testcase classname="API — Items GET /api/items/:id returns 400 for non-numeric ID" name="API — Items GET /api/items/:id returns 400 for non-numeric ID" time="0.006">
    </testcase>
    <testcase classname="API — Items GET /api/items/:id returns 400 for zero or negative ID" name="API — Items GET /api/items/:id returns 400 for zero or negative ID" time="0.004">
    </testcase>
    <testcase classname="API — Items POST /api/items creates a new item with valid payload" name="API — Items POST /api/items creates a new item with valid payload" time="0.076">
    </testcase>
    <testcase classname="API — Items POST /api/items returns 400 when name is missing" name="API — Items POST /api/items returns 400 when name is missing" time="0.006">
    </testcase>
    <testcase classname="API — Items POST /api/items returns 400 for empty name string" name="API — Items POST /api/items returns 400 for empty name string" time="0.005">
    </testcase>
  </testsuite>
</testsuites>